[    0.000000] Linux version 4.15.0-166-generic (buildd@lgw01-amd64-012) (gcc version 7.5.0 (Ubuntu 7.5.0-3ubuntu1~18.04)) #174-Ubuntu SMP Wed Dec 8 19:07:44 UTC 2021 (Ubuntu 4.15.0-166.174-generic 4.15.18)
[    0.000000] Command line: BOOT_IMAGE=/boot/vmlinuz-4.15.0-166-generic root=LABEL=cloudimg-rootfs ro console=tty1 console=ttyS0
[    0.000000] KERNEL supported cpus:
[    0.000000]   Intel GenuineIntel
[    0.000000]   AMD AuthenticAMD
[    0.000000]   Centaur CentaurHauls
[    0.000000] x86/fpu: Supporting XSAVE feature 0x001: 'x87 floating point registers'
[    0.000000] x86/fpu: Supporting XSAVE feature 0x002: 'SSE registers'
[    0.000000] x86/fpu: Supporting XSAVE feature 0x004: 'AVX registers'
[    0.000000] x86/fpu: xstate_offset[2]:  576, xstate_sizes[2]:  256
[    0.000000] x86/fpu: Enabled xstate features 0x7, context size is 832 bytes, using 'standard' format.
[    0.000000] e820: BIOS-provided physical RAM map:
[    0.000000] BIOS-e820: [mem 0x0000000000000000-0x000000000009fbff] usable
[    0.000000] BIOS-e820: [mem 0x000000000009fc00-0x000000000009ffff] reserved
[    0.000000] BIOS-e820: [mem 0x00000000000f0000-0x00000000000fffff] reserved
[    0.000000] BIOS-e820: [mem 0x0000000000100000-0x000000003ffeffff] usable
[    0.000000] BIOS-e820: [mem 0x000000003fff0000-0x000000003fffffff] ACPI data
[    0.000000] BIOS-e820: [mem 0x00000000fec00000-0x00000000fec00fff] reserved
[    0.000000] BIOS-e820: [mem 0x00000000fee00000-0x00000000fee00fff] reserved
[    0.000000] BIOS-e820: [mem 0x00000000fffc0000-0x00000000ffffffff] reserved
[    0.000000] NX (Execute Disable) protection: active
[    0.000000] SMBIOS 2.5 present.
[    0.000000] DMI: innotek GmbH VirtualBox/VirtualBox, BIOS VirtualBox 12/01/2006
[    0.000000] Hypervisor detected: KVM
[    0.000000] e820: last_pfn = 0x3fff0 max_arch_pfn = 0x400000000
[    0.000000] MTRR: Disabled
[    0.000000] x86/PAT: MTRRs disabled, skipping PAT initialization too.
[    0.000000] CPU MTRRs all blank - virtualized system.
[    0.000000] x86/PAT: Configuration [0-7]: WB  WT  UC- UC  WB  WT  UC- UC  
[    0.000000] found SMP MP-table at [mem 0x0009fff0-0x0009ffff]
[    0.000000] Scanning 1 areas for low memory corruption
[    0.000000] RAMDISK: [mem 0x35811000-0x36bfffff]
[    0.000000] ACPI: Early table checksum verification disabled
[    0.000000] ACPI: RSDP 0x00000000000E0000 000024 (v02 VBOX  )
[    0.000000] ACPI: XSDT 0x000000003FFF0030 00003C (v01 VBOX   VBOXXSDT 00000001 ASL  00000061)
[    0.000000] ACPI: FACP 0x000000003FFF00F0 0000F4 (v04 VBOX   VBOXFACP 00000001 ASL  00000061)
[    0.000000] ACPI: DSDT 0x000000003FFF0470 002325 (v02 VBOX   VBOXBIOS 00000002 INTL 20100528)
[    0.000000] ACPI: FACS 0x000000003FFF0200 000040
[    0.000000] ACPI: FACS 0x000000003FFF0200 000040
[    0.000000] ACPI: APIC 0x000000003FFF0240 00005C (v02 VBOX   VBOXAPIC 00000001 ASL  00000061)
[    0.000000] ACPI: SSDT 0x000000003FFF02A0 0001CC (v01 VBOX   VBOXCPUT 00000002 INTL 20100528)
[    0.000000] ACPI: Reserving FACP table memory at [mem 0x3fff00f0-0x3fff01e3]
[    0.000000] ACPI: Reserving DSDT table memory at [mem 0x3fff0470-0x3fff2794]
[    0.000000] ACPI: Reserving FACS table memory at [mem 0x3fff0200-0x3fff023f]
[    0.000000] ACPI: Reserving FACS table memory at [mem 0x3fff0200-0x3fff023f]
[    0.000000] ACPI: Reserving APIC table memory at [mem 0x3fff0240-0x3fff029b]
[    0.000000] ACPI: Reserving SSDT table memory at [mem 0x3fff02a0-0x3fff046b]
[    0.000000] No NUMA configuration found
[    0.000000] Faking a node at [mem 0x0000000000000000-0x000000003ffeffff]
[    0.000000] NODE_DATA(0) allocated [mem 0x3ffc5000-0x3ffeffff]
[    0.000000] kvm-clock: cpu 0, msr 0:3ff44001, primary cpu clock
[    0.000000] kvm-clock: Using msrs 4b564d01 and 4b564d00
[    0.000000] kvm-clock: using sched offset of 3536016612 cycles
[    0.000000] clocksource: kvm-clock: mask: 0xffffffffffffffff max_cycles: 0x1cd42e4dffb, max_idle_ns: 881590591483 ns
[    0.000000] Zone ranges:
[    0.000000]   DMA      [mem 0x0000000000001000-0x0000000000ffffff]
[    0.000000]   DMA32    [mem 0x0000000001000000-0x000000003ffeffff]
[    0.000000]   Normal   empty
[    0.000000]   Device   empty
[    0.000000] Movable zone start for each node
[    0.000000] Early memory node ranges
[    0.000000]   node   0: [mem 0x0000000000001000-0x000000000009efff]
[    0.000000]   node   0: [mem 0x0000000000100000-0x000000003ffeffff]
[    0.000000] Reserved but unavailable: 104 pages
[    0.000000] Initmem setup node 0 [mem 0x0000000000001000-0x000000003ffeffff]
[    0.000000] ACPI: PM-Timer IO Port: 0x4008
[    0.000000] IOAPIC[0]: apic_id 2, version 32, address 0xfec00000, GSI 0-23
[    0.000000] ACPI: INT_SRC_OVR (bus 0 bus_irq 0 global_irq 2 dfl dfl)
[    0.000000] ACPI: INT_SRC_OVR (bus 0 bus_irq 9 global_irq 9 low level)
[    0.000000] Using ACPI (MADT) for SMP configuration information
[    0.000000] smpboot: Allowing 2 CPUs, 0 hotplug CPUs
[    0.000000] PM: Registered nosave memory: [mem 0x00000000-0x00000fff]
[    0.000000] PM: Registered nosave memory: [mem 0x0009f000-0x0009ffff]
[    0.000000] PM: Registered nosave memory: [mem 0x000a0000-0x000effff]
[    0.000000] PM: Registered nosave memory: [mem 0x000f0000-0x000fffff]
[    0.000000] e820: [mem 0x40000000-0xfebfffff] available for PCI devices
[    0.000000] Booting paravirtualized kernel on KVM
[    0.000000] clocksource: refined-jiffies: mask: 0xffffffff max_cycles: 0xffffffff, max_idle_ns: 7645519600211568 ns
[    0.000000] random: get_random_bytes called from start_kernel+0x99/0x500 with crng_init=0
[    0.000000] setup_percpu: NR_CPUS:8192 nr_cpumask_bits:2 nr_cpu_ids:2 nr_node_ids:1
[    0.000000] percpu: Embedded 45 pages/cpu s147456 r8192 d28672 u1048576
[    0.000000] PV qspinlock hash table entries: 256 (order: 0, 4096 bytes)
[    0.000000] Built 1 zonelists, mobility grouping on.  Total pages: 257913
[    0.000000] Policy zone: DMA32
[    0.000000] Kernel command line: BOOT_IMAGE=/boot/vmlinuz-4.15.0-166-generic root=LABEL=cloudimg-rootfs ro console=tty1 console=ttyS0
[    0.000000] Memory: 981824K/1048120K available (12300K kernel code, 2483K rwdata, 4320K rodata, 2448K init, 2724K bss, 66296K reserved, 0K cma-reserved)
[    0.000000] SLUB: HWalign=64, Order=0-3, MinObjects=0, CPUs=2, Nodes=1
[    0.000000] Kernel/User page tables isolation: enabled
[    0.000000] ftrace: allocating 39491 entries in 155 pages
[    0.004000] Hierarchical RCU implementation.
[    0.004000] 	RCU restricting CPUs from NR_CPUS=8192 to nr_cpu_ids=2.
[    0.004000] 	Tasks RCU enabled.
[    0.004000] RCU: Adjusting geometry for rcu_fanout_leaf=16, nr_cpu_ids=2
[    0.004000] NR_IRQS: 524544, nr_irqs: 440, preallocated irqs: 16
[    0.004000] Console: colour VGA+ 80x25
[    0.004000] console [tty1] enabled
[    0.004000] console [ttyS0] enabled
[    0.004000] ACPI: Core revision 20170831
[    0.004000] ACPI: 2 ACPI AML tables successfully acquired and loaded
[    0.004000] APIC: Switch to symmetric I/O mode setup
[    0.004000] x2apic enabled
[    0.004000] Switched APIC routing to physical x2apic.
[    0.004000] ..TIMER: vector=0x30 apic1=0 pin1=2 apic2=-1 pin2=-1
[    0.004005] tsc: Detected 2304.004 MHz processor
[    0.004977] Calibrating delay loop (skipped) preset value.. 4608.00 BogoMIPS (lpj=9216016)
[    0.008003] pid_max: default: 32768 minimum: 301
[    0.009016] Security Framework initialized
[    0.009912] Yama: becoming mindful.
[    0.010675] AppArmor: AppArmor initialized
[    0.015650] Dentry cache hash table entries: 131072 (order: 8, 1048576 bytes)
[    0.016061] Inode-cache hash table entries: 65536 (order: 7, 524288 bytes)
[    0.017365] Mount-cache hash table entries: 2048 (order: 2, 16384 bytes)
[    0.018624] Mountpoint-cache hash table entries: 2048 (order: 2, 16384 bytes)
[    0.020306] Last level iTLB entries: 4KB 64, 2MB 8, 4MB 8
[    0.021312] Last level dTLB entries: 4KB 64, 2MB 0, 4MB 0, 1GB 4
[    0.022426] Spectre V1 : Mitigation: usercopy/swapgs barriers and __user pointer sanitization
[    0.024003] Spectre V2 : Mitigation: Full generic retpoline
[    0.025073] Spectre V2 : Spectre v2 / SpectreRSB mitigation: Filling RSB on context switch
[    0.026648] Speculative Store Bypass: Vulnerable
[    0.028053] SRBDS: Unknown: Dependent on hypervisor status
[    0.029297] MDS: Mitigation: Clear CPU buffers
[    0.030425] Freeing SMP alternatives memory: 36K
[    0.142463] smpboot: CPU0: Intel(R) Core(TM) i5-8300H CPU @ 2.30GHz (family: 0x6, model: 0x9e, stepping: 0xa)
[    0.144000] Performance Events: unsupported p6 CPU model 158 no PMU driver, software events only.
[    0.144000] Hierarchical SRCU implementation.
[    0.144080] NMI watchdog: Perf event create on CPU 0 failed with -2
[    0.145018] NMI watchdog: Perf NMI watchdog permanently disabled
[    0.146004] smp: Bringing up secondary CPUs ...
[    0.146985] x86: Booting SMP configuration:
[    0.147749] .... node  #0, CPUs:      #1
[    0.004000] kvm-clock: cpu 1, msr 0:3ff44041, secondary cpu clock
[    0.151263] smp: Brought up 1 node, 2 CPUs
[    0.152005] smpboot: Max logical packages: 1
[    0.152715] smpboot: Total of 2 processors activated (9216.01 BogoMIPS)
[    0.153857] devtmpfs: initialized
[    0.153857] x86/mm: Memory block size: 128MB
[    0.156116] evm: security.selinux
[    0.156762] evm: security.SMACK64
[    0.157437] evm: security.SMACK64EXEC
[    0.158160] evm: security.SMACK64TRANSMUTE
[    0.158960] evm: security.SMACK64MMAP
[    0.159680] evm: security.apparmor
[    0.160004] evm: security.ima
[    0.160628] evm: security.capability
[    0.161404] clocksource: jiffies: mask: 0xffffffff max_cycles: 0xffffffff, max_idle_ns: 7645041785100000 ns
[    0.161804] futex hash table entries: 512 (order: 3, 32768 bytes)
[    0.164048] pinctrl core: initialized pinctrl subsystem
[    0.168087] RTC time: 10:55:24, date: 03/19/22
[    0.169115] NET: Registered protocol family 16
[    0.170030] audit: initializing netlink subsys (disabled)
[    0.172033] audit: type=2000 audit(1647687329.472:1): state=initialized audit_enabled=0 res=1
[    0.174071] cpuidle: using governor ladder
[    0.174071] cpuidle: using governor menu
[    0.176047] ACPI: bus type PCI registered
[    0.176794] acpiphp: ACPI Hot Plug PCI Controller Driver version: 0.5
[    0.178046] PCI: Using configuration type 1 for base access
[    0.180476] HugeTLB registered 2.00 MiB page size, pre-allocated 0 pages
[    0.181356] ACPI: Added _OSI(Module Device)
[    0.181356] ACPI: Added _OSI(Processor Device)
[    0.181874] ACPI: Added _OSI(3.0 _SCP Extensions)
[    0.184005] ACPI: Added _OSI(Processor Aggregator Device)
[    0.185092] ACPI: Added _OSI(Linux-Dell-Video)
[    0.186010] ACPI: Added _OSI(Linux-Lenovo-NV-HDMI-Audio)
[    0.187106] ACPI: Added _OSI(Linux-HPI-Hybrid-Graphics)
[    0.188350] ACPI: Executed 1 blocks of module-level executable AML code
[    0.194396] ACPI: Interpreter enabled
[    0.195256] ACPI: (supports S0 S5)
[    0.196004] ACPI: Using IOAPIC for interrupt routing
[    0.197500] PCI: Using host bridge windows from ACPI; if necessary, use "pci=nocrs" and report a bug
[    0.200115] ACPI: Enabled 2 GPEs in block 00 to 07
[    0.209258] ACPI: PCI Root Bridge [PCI0] (domain 0000 [bus 00-ff])
[    0.210673] acpi PNP0A03:00: _OSC: OS supports [ASPM ClockPM Segments MSI]
[    0.212483] acpi PNP0A03:00: _OSC: not requesting OS control; OS requires [ExtendedConfig ASPM ClockPM MSI]
[    0.214783] acpi PNP0A03:00: fail to add MMCONFIG information, can't access extended PCI configuration space under this bridge.
[    0.216552] PCI host bridge to bus 0000:00
[    0.217704] pci_bus 0000:00: root bus resource [io  0x0000-0x0cf7 window]
[    0.220006] pci_bus 0000:00: root bus resource [io  0x0d00-0xffff window]
[    0.221637] pci_bus 0000:00: root bus resource [mem 0x000a0000-0x000bffff window]
[    0.224004] pci_bus 0000:00: root bus resource [mem 0x40000000-0xfdffffff window]
[    0.225467] pci_bus 0000:00: root bus resource [bus 00-ff]
[    0.230300] pci 0000:00:01.1: legacy IDE quirk: reg 0x10: [io  0x01f0-0x01f7]
[    0.231794] pci 0000:00:01.1: legacy IDE quirk: reg 0x14: [io  0x03f6]
[    0.232004] pci 0000:00:01.1: legacy IDE quirk: reg 0x18: [io  0x0170-0x0177]
[    0.233334] pci 0000:00:01.1: legacy IDE quirk: reg 0x1c: [io  0x0376]
[    0.249091] pci 0000:00:07.0: quirk: [io  0x4000-0x403f] claimed by PIIX4 ACPI
[    0.250498] pci 0000:00:07.0: quirk: [io  0x4100-0x410f] claimed by PIIX4 SMB
[    0.264180] ACPI: PCI Interrupt Link [LNKA] (IRQs 5 9 10 *11)
[    0.265723] ACPI: PCI Interrupt Link [LNKB] (IRQs 5 9 *10 11)
[    0.266949] ACPI: PCI Interrupt Link [LNKC] (IRQs 5 *9 10 11)
[    0.268000] ACPI: PCI Interrupt Link [LNKD] (IRQs 5 9 10 *11)
[    0.268433] SCSI subsystem initialized
[    0.269266] pci 0000:00:02.0: vgaarb: setting as boot VGA device
[    0.269266] pci 0000:00:02.0: vgaarb: VGA device added: decodes=io+mem,owns=io+mem,locks=none
[    0.272012] pci 0000:00:02.0: vgaarb: bridge control possible
[    0.273236] vgaarb: loaded
[    0.273912] ACPI: bus type USB registered
[    0.276043] usbcore: registered new interface driver usbfs
[    0.277199] usbcore: registered new interface driver hub
[    0.278325] usbcore: registered new device driver usb
[    0.279533] EDAC MC: Ver: 3.0.0
[    0.280339] PCI: Using ACPI for IRQ routing
[    0.281321] NetLabel: Initializing
[    0.282073] NetLabel:  domain hash size = 128
[    0.283012] NetLabel:  protocols = UNLABELED CIPSOv4 CALIPSO
[    0.284028] NetLabel:  unlabeled traffic allowed by default
[    0.285186] clocksource: Switched to clocksource kvm-clock
[    0.305008] VFS: Disk quotas dquot_6.6.0
[    0.305842] VFS: Dquot-cache hash table entries: 512 (order 0, 4096 bytes)
[    0.307266] AppArmor: AppArmor Filesystem Enabled
[    0.308208] pnp: PnP ACPI init
[    0.310083] pnp: PnP ACPI: found 3 devices
[    0.320570] clocksource: acpi_pm: mask: 0xffffff max_cycles: 0xffffff, max_idle_ns: 2085701024 ns
[    0.322084] NET: Registered protocol family 2
[    0.322911] IP idents hash table entries: 16384 (order: 5, 131072 bytes)
[    0.327385] TCP established hash table entries: 8192 (order: 4, 65536 bytes)
[    0.328924] TCP bind hash table entries: 8192 (order: 5, 131072 bytes)
[    0.330286] TCP: Hash tables configured (established 8192 bind 8192)
[    0.331681] UDP hash table entries: 512 (order: 2, 16384 bytes)
[    0.333013] UDP-Lite hash table entries: 512 (order: 2, 16384 bytes)
[    0.334448] NET: Registered protocol family 1
[    0.335464] pci 0000:00:00.0: Limiting direct PCI/PCI transfers
[    0.336821] pci 0000:00:01.0: Activating ISA DMA hang workarounds
[    0.338507] pci 0000:00:02.0: Video device with shadowed ROM at [mem 0x000c0000-0x000dffff]
[    0.340279] Unpacking initramfs...
[    0.770589] Freeing initrd memory: 20412K
[    0.771696] clocksource: tsc: mask: 0xffffffffffffffff max_cycles: 0x2135fb8e938, max_idle_ns: 440795220508 ns
[    0.774554] platform rtc_cmos: registered platform RTC device (no PNP device found)
[    0.776854] Scanning for low memory corruption every 60 seconds
[    0.779031] Initialise system trusted keyrings
[    0.780054] Key type blacklist registered
[    0.781106] workingset: timestamp_bits=36 max_order=18 bucket_order=0
[    0.784401] zbud: loaded
[    0.785832] squashfs: version 4.0 (2009/01/31) Phillip Lougher
[    0.787501] fuse init (API version 7.26)
[    0.791215] Key type asymmetric registered
[    0.792342] Asymmetric key parser 'x509' registered
[    0.793878] Block layer SCSI generic (bsg) driver version 0.4 loaded (major 246)
[    0.795978] io scheduler noop registered
[    0.797202] io scheduler deadline registered
[    0.798486] io scheduler cfq registered (default)
[    0.800047] ACPI: AC Adapter [AC] (on-line)
[    0.801069] input: Power Button as /devices/LNXSYSTM:00/LNXPWRBN:00/input/input0
[    0.802761] ACPI: Power Button [PWRF]
[    0.803709] input: Sleep Button as /devices/LNXSYSTM:00/LNXSLPBN:00/input/input1
[    0.805610] ACPI: Sleep Button [SLPF]
[    0.806943] Serial: 8250/16550 driver, 32 ports, IRQ sharing enabled
[    0.807839] ACPI: Battery Slot [BAT0] (battery present)
[    0.830082] 00:02: ttyS0 at I/O 0x3f8 (irq = 4, base_baud = 115200) is a 16550A
[    0.833338] Linux agpgart interface v0.103
[    0.835485] loop: module loaded
[    0.837053] scsi host0: ata_piix
[    0.837935] scsi host1: ata_piix
[    0.838700] ata1: PATA max UDMA/33 cmd 0x1f0 ctl 0x3f6 bmdma 0xd000 irq 14
[    0.840110] ata2: PATA max UDMA/33 cmd 0x170 ctl 0x376 bmdma 0xd008 irq 15
[    0.841844] libphy: Fixed MDIO Bus: probed
[    0.842661] tun: Universal TUN/TAP device driver, 1.6
[    0.843685] PPP generic driver version 2.4.2
[    0.844566] ehci_hcd: USB 2.0 'Enhanced' Host Controller (EHCI) Driver
[    0.845748] ehci-pci: EHCI PCI platform driver
[    0.846602] ehci-platform: EHCI generic platform driver
[    0.847566] ohci_hcd: USB 1.1 'Open' Host Controller (OHCI) Driver
[    0.848725] ohci-pci: OHCI PCI platform driver
[    0.849661] ohci-platform: OHCI generic platform driver
[    0.850736] uhci_hcd: USB Universal Host Controller Interface driver
[    0.852236] i8042: PNP: PS/2 Controller [PNP0303:PS2K,PNP0f03:PS2M] at 0x60,0x64 irq 1,12
[    0.854399] serio: i8042 KBD port at 0x60,0x64 irq 1
[    0.855420] serio: i8042 AUX port at 0x60,0x64 irq 12
[    0.856565] mousedev: PS/2 mouse device common for all mice
[    0.857876] input: AT Translated Set 2 keyboard as /devices/platform/i8042/serio0/input/input2
[    0.859866] rtc_cmos rtc_cmos: rtc core: registered rtc_cmos as rtc0
[    0.861393] rtc_cmos rtc_cmos: alarms up to one day, 114 bytes nvram
[    0.862731] i2c /dev entries driver
[    0.863561] device-mapper: uevent: version 1.0.3
[    0.864677] device-mapper: ioctl: 4.37.0-ioctl (2017-09-20) initialised: dm-devel@redhat.com
[    0.866519] ledtrig-cpu: registered to indicate activity on CPUs
[    0.868146] NET: Registered protocol family 10
[    0.872827] Segment Routing with IPv6
[    0.873537] NET: Registered protocol family 17
[    0.874419] Key type dns_resolver registered
[    0.875370] mce: Using 0 MCE banks
[    0.876031] RAS: Correctable Errors collector initialized.
[    0.877199] sched_clock: Marking stable (877171320, 0)->(1068991982, -191820662)
[    0.878968] registered taskstats version 1
[    0.879840] Loading compiled-in X.509 certificates
[    0.883054] Loaded X.509 cert 'Build time autogenerated kernel key: 408b96eb428cbe545a63e9a677d083d5c6df802b'
[    0.885449] Loaded X.509 cert 'Canonical Ltd. Live Patch Signing: 14df34d1a87cf37625abec039ef2bf521249b969'
[    0.887664] Loaded X.509 cert 'Canonical Ltd. Kernel Module Signing: 88f752e560a1e0737e31163a466ad7b70a850c19'
[    0.889387] blacklist: Loading compiled-in revocation X.509 certificates
[    0.890592] Loaded X.509 cert 'Canonical Ltd. Secure Boot Signing: 61482aa2830d0ab2ad5af10b7250da9033ddcef0'
[    0.892323] zswap: loaded using pool lzo/zbud
[    0.896814] Key type big_key registered
[    0.897665] Key type trusted registered
[    0.900312] Key type encrypted registered
[    0.901093] AppArmor: AppArmor sha1 policy hashing enabled
[    0.902297] ima: No TPM chip found, activating TPM-bypass! (rc=-19)
[    0.903900] ima: Allocated hash algorithm: sha1
[    0.905134] evm: HMAC attrs: 0x1
[    0.906555]   Magic number: 14:359:932
[    0.907729] rtc_cmos rtc_cmos: setting system clock to 2022-03-19 10:55:25 UTC (1647687325)
[    0.909541] BIOS EDD facility v0.16 2004-Jun-25, 0 devices found
[    0.911109] EDD information not available.
[    1.044871] Freeing unused kernel image memory: 2448K
[    1.056160] Write protecting the kernel read-only data: 20480k
[    1.058014] Freeing unused kernel image memory: 2008K
[    1.059420] Freeing unused kernel image memory: 1824K
[    1.067958] x86/mm: Checked W+X mappings: passed, no W+X pages found.
[    1.069066] x86/mm: Checking user space page tables
[    1.077086] x86/mm: Checked W+X mappings: passed, no W+X pages found.
Loading, please wait...
starting version 237
[    1.153751] e1000: Intel(R) PRO/1000 Network Driver - version 7.3.21-k8-NAPI
[    1.155157] e1000: Copyright (c) 1999-2006 Intel Corporation.
[    1.166223] Fusion MPT base driver 3.04.20
[    1.167580] Copyright (c) 1999-2008 LSI Corporation
[    1.190428] vboxvideo: loading out-of-tree module taints kernel.
[    1.192538] vboxvideo: module verification failed: signature and/or required key missing - tainting kernel
[    1.195395] AVX2 version of gcm_enc/dec engaged.
[    1.196520] AES CTR mode by8 optimization enabled
[    1.197601] vboxvideo: loading version 6.1.32 r149290
[    1.213409] Fusion MPT SPI Host driver 3.04.20
[    1.387333] input: ImExPS/2 Generic Explorer Mouse as /devices/platform/i8042/serio1/input/input4
[    1.792531] e1000 0000:00:03.0 eth0: (PCI:33MHz:32-bit) 02:8d:1f:db:13:bf
[    1.793726] e1000 0000:00:03.0 eth0: Intel(R) PRO/1000 Network Connection
[    1.795836] mptbase: ioc0: Initiating bringup
[    2.784873] ioc0: LSI53C1030 A0: Capabilities={Initiator}
[    6.258560] scsi host2: ioc0: LSI53C1030 A0, FwRev=00000000h, Ports=1, MaxQ=256, IRQ=20
[    8.258559] scsi 2:0:0:0: Direct-Access     VBOX     HARDDISK         1.0  PQ: 0 ANSI: 5
[    8.260303] [drm] VRAM 01000000
[    8.261231] [TTM] Zone  kernel: Available graphics memory: 504276 kiB
[    8.262931] [TTM] Initializing pool allocator
[    8.263884] [TTM] Initializing DMA pool allocator
[    8.266834] fbcon: vboxdrmfb (fb0) is primary device
[    8.268665] Console: switching to colour frame buffer device 100x37
[    8.271872] vboxvideo 0000:00:02.0: fb0: vboxdrmfb frame buffer device
[    8.288309] scsi target2:0:0: Beginning Domain Validation
[    8.288340] [drm] Initialized vboxvideo 1.0.0 20130823 for 0000:00:02.0 on minor 0
[    8.291795] scsi target2:0:0: Domain Validation skipping write tests
[    8.292912] scsi target2:0:0: Ending Domain Validation
[    8.293932] scsi target2:0:0: asynchronous
[    8.296312] scsi 2:0:1:0: Direct-Access     VBOX     HARDDISK         1.0  PQ: 0 ANSI: 5
[    8.343124] scsi target2:0:1: Beginning Domain Validation
[    8.393524] random: fast init done
[    8.403106] scsi target2:0:1: Domain Validation skipping write tests
[    8.403907] scsi target2:0:1: Ending Domain Validation
[    8.408062] scsi target2:0:1: asynchronous
[    8.412459] random: systemd-udevd: uninitialized urandom read (16 bytes read)
[    8.413585] random: systemd-udevd: uninitialized urandom read (16 bytes read)
[    8.414772] random: systemd-udevd: uninitialized urandom read (16 bytes read)
[    8.416623] sd 2:0:0:0: Attached scsi generic sg0 type 0
[    8.418170] sd 2:0:1:0: Attached scsi generic sg1 type 0
[    8.418493] sd 2:0:0:0: [sda] 83886080 512-byte logical blocks: (42.9 GB/40.0 GiB)
[    8.421232] sd 2:0:1:0: [sdb] 20480 512-byte logical blocks: (10.5 MB/10.0 MiB)
[    8.422851] sd 2:0:1:0: [sdb] Write Protect is off
[    8.423948] sd 2:0:0:0: [sda] Write Protect is off
[    8.425180] sd 2:0:1:0: [sdb] Incomplete mode parameter data
[    8.426524] sd 2:0:1:0: [sdb] Assuming drive cache: write through
[    8.427921] sd 2:0:0:0: [sda] Incomplete mode parameter data
[    8.429612] sd 2:0:0:0: [sda] Assuming drive cache: write through
[    8.432597] sd 2:0:1:0: [sdb] Attached SCSI disk
[    8.436894]  sda: sda1
[    8.439634] sd 2:0:0:0: [sda] Attached SCSI disk
[    8.716389] e1000 0000:00:08.0 eth1: (PCI:33MHz:32-bit) 08:00:27:38:18:06
[    8.717790] e1000 0000:00:08.0 eth1: Intel(R) PRO/1000 Network Connection
[    9.096716] e1000 0000:00:09.0 eth2: (PCI:33MHz:32-bit) 08:00:27:91:86:03
[    9.097868] e1000 0000:00:09.0 eth2: Intel(R) PRO/1000 Network Connection
[    9.100341] e1000 0000:00:08.0 enp0s8: renamed from eth1
[    9.116129] e1000 0000:00:09.0 enp0s9: renamed from eth2
[    9.136496] e1000 0000:00:03.0 enp0s3: renamed from eth0
Begin: Loading essential drivers ... [    9.316030] raid6: sse2x1   gen()  6794 MB/s
[    9.364046] raid6: sse2x1   xor()  4766 MB/s
[    9.412044] raid6: sse2x2   gen()  8815 MB/s
[    9.460075] raid6: sse2x2   xor()  5331 MB/s
[    9.508041] raid6: sse2x4   gen() 11091 MB/s
[    9.556072] raid6: sse2x4   xor()  6385 MB/s
[    9.604044] raid6: avx2x1   gen() 11014 MB/s
[    9.652053] raid6: avx2x1   xor()  9132 MB/s
[    9.700066] raid6: avx2x2   gen() 16820 MB/s
[    9.748055] raid6: avx2x2   xor()  9776 MB/s
[    9.796065] raid6: avx2x4   gen() 20467 MB/s
[    9.844059] raid6: avx2x4   xor() 12647 MB/s
[    9.845134] raid6: using algorithm avx2x4 gen() 20467 MB/s
[    9.846355] raid6: .... xor() 12647 MB/s, rmw enabled
[    9.847502] raid6: using avx2x2 recovery algorithm
[    9.850738] xor: automatically using best checksumming function   avx       
[    9.854066] async_tx: api initialized (async)
done.
Begin: Running /scripts/init-premount ... done.
Begin: Mounting root file system ... Begin: Running /scripts/local-top ... done.
Begin: Running /scripts/local-premount ... [    9.908598] Btrfs loaded, crc32c=crc32c-intel
Scanning for Btrfs filesystems
done.
Begin: Will now check root file system ... fsck from util-linux 2.31.1
[/sbin/fsck.ext4 (1) -- /dev/sda1] fsck.ext4 -a -C0 /dev/sda1 
cloudimg-rootfs: clean, 81280/5120000 files, 823418/10485499 blocks
done.
[    9.942929] EXT4-fs (sda1): mounted filesystem with ordered data mode. Opts: (null)
done.
Begin: Running /scripts/local-bottom ... done.
Begin: Running /scripts/init-bottom ... done.
[   10.062697] ip_tables: (C) 2000-2006 Netfilter Core Team
[   10.069899] systemd[1]: systemd 237 running in system mode. (+PAM +AUDIT +SELINUX +IMA +APPARMOR +SMACK +SYSVINIT +UTMP +LIBCRYPTSETUP +GCRYPT +GNUTLS +ACL +XZ +LZ4 +SECCOMP +BLKID +ELFUTILS +KMOD -IDN2 +IDN -PCRE2 default-hierarchy=hybrid)
[   10.073637] systemd[1]: Detected virtualization oracle.
[   10.074749] systemd[1]: Detected architecture x86-64.

Welcome to [1mUbuntu 18.04.6 LTS[0m!

[   10.096193] systemd[1]: Set hostname to <ubuntu-bionic>.
[   10.286513] systemd[1]: Started Forward Password Requests to Wall Directory Watch.
[[0;32m  OK  [0m] Started Forward Password Requests to Wall Directory Watch.
[   10.288808] systemd[1]: Reached target User and Group Name Lookups.
[[0;32m  OK  [0m] Reached target User and Group Name Lookups.
[   10.293013] systemd[1]: Created slice User and Session Slice.
[[0;32m  OK  [0m] Created slice User and Session Slice.
[   10.295284] systemd[1]: Set up automount Arbitrary Executable File Formats File System Automount Point.
[[0;32m  OK  [0m] Set up automount Arbitrary Executab…rmats File System Automount Point.
[   10.298965] systemd[1]: Created slice System Slice.
[[0;32m  OK  [0m] Created slice System Slice.
[   10.300848] systemd[1]: Listening on Journal Socket.
[[0;32m  OK  [0m] Listening on Journal Socket.
[[0;32m  OK  [0m] Listening on udev Kernel Socket.
         Mounting Kernel Debug File System...
[[0;32m  OK  [0m] Listening on fsck to fsckd communication Socket.
[[0;32m  OK  [0m] Created slice system-serial\x2dgetty.slice.
[[0;32m  OK  [0m] Reached target Slices.
[[0;32m  OK  [0m] Listening on udev Control Socket.
[[0;32m  OK  [0m] Reached target Swap.
[[0;32m  OK  [0m] Listening on Syslog Socket.
         Starting Remount Root and Kernel File Systems...
[[0;32m  OK  [0m] Listening on Device-mapper event daemon FIFOs.
         Starting Uncomplicated firewall...
         Starting udev Coldplug all Devices...
[[0;32m  OK  [0m] Listening on Journal Audit Socket.
         Mounting Huge Pages File System...
[[0;32m  OK  [0m] Listening on /dev/initctl Compatibility Named Pipe.
         Starting Set the console keyboard layout...
[[0;32m  OK  [0m] Listening on Journal Socket (/dev/log).
         Starting Journal Service...
[[0;32m  OK  [0m] Listening on LVM2 poll daemon socket.
[[0;32m  OK  [0m] Listening on Network Service Netlink Socket.
         Starting Load Kernel Modules...
[[0;32m  OK  [0m] Listening on LVM2 metadata daemon socket.
         Starting Monitoring of LVM2 mirrors…ng dmeventd or progress polling...
[[0;32m  OK  [0m] Reached target System Time Synchronized.
         Mounting POSIX Message Queue File System...
[   10.369452] EXT4-fs (sda1): re-mounted. Opts: (null)
         Starting Create list of required st…ce nodes for the current kernel...
[[0;32m  OK  [0m] Mounted Kernel Debug File System.
[[0;32m  OK  [0m] Started Remount Root and Kernel File Systems.
[[0;32m  OK  [0m] Started Uncomplicated firewall.
[[0;32m  OK  [0m] Mounted Huge Pages File System.
[[0;32m  OK  [0m] Mounted POSIX Message Queue File System.
         Starting Load/Save Random Seed...
[   10.404276] Loading iSCSI transport class v2.0-870.
[[0;32m  OK  [0m] Started Journal Service.
[[0;32m  OK  [0m] Started Create list of required sta…vice nodes for the current kernel.
         Starting Create Static Device Nodes in /dev...
         Starting Flush Journal to Persistent Storage...
[[0;32m  OK  [0m] Started Load/Save Random Seed.
[[0;32m  OK  [0m] Started udev Coldplug all Devices.
[   10.447794] iscsi: registered transport (tcp)
[[0;32m  OK  [0m] Started LVM2 metadata daemon.
[[0;32m  OK  [0m] Started Create Static Device Nodes in /dev.
         Starting udev Kernel Device Manager...
[   10.486579] systemd-journald[421]: Received request to flush runtime journal from PID 1
[   10.510753] iscsi: registered transport (iser)
[[0;32m  OK  [0m] Started Load Kernel Modules.
         Mounting Kernel Configuration File System...
         Mounting FUSE Control File System...
         Starting Apply Kernel Variables...
[[0;32m  OK  [0m] Mounted Kernel Configuration File System.
[[0;32m  OK  [0m] Mounted FUSE Control File System.
[[0;32m  OK  [0m] Started Monitoring of LVM2 mirrors,…sing dmeventd or progress polling.
[[0;32m  OK  [0m] Started Apply Kernel Variables.
[[0;32m  OK  [0m] Started Set the console keyboard layout.
[[0;32m  OK  [0m] Started udev Kernel Device Manager.
[[0;32m  OK  [0m] Started Dispatch Password Requests to Console Directory Watch.
[[0;32m  OK  [0m] Reached target Local Encrypted Volumes.
[[0;32m  OK  [0m] Reached target Local File Systems (Pre).
[[0;32m  OK  [0m] Reached target Local File Systems.
         Starting ebtables ruleset management...
         Starting Tell Plymouth To Write Out Runtime Data...
         Starting AppArmor initialization...
         Starting Set console font and keymap...
[[0;32m  OK  [0m] Started Flush Journal to Persistent Storage.
         Starting Create Volatile Files and Directories...
[[0;32m  OK  [0m] Started Tell Plymouth To Write Out Runtime Data.
[[0;32m  OK  [0m] Started Set console font and keymap.
[[0;32m  OK  [0m] Started Create Volatile Files and Directories.
         Starting Update UTMP about System Boot/Shutdown...
[[0;32m  OK  [0m] Started Update UTMP about System Boot/Shutdown.
[[0;32m  OK  [0m] Started ebtables ruleset management.
[[0;32m  OK  [0m] Started AppArmor initialization.
         Starting Load AppArmor profiles managed internally by snapd...
         Starting Initial cloud-init job (pre-networking)...
[[0;32m  OK  [0m] Started Load AppArmor profiles managed internally by snapd.
[[0;32m  OK  [0m] Found device /dev/ttyS0.
[[0;32m  OK  [0m] Listening on Load/Save RF Kill Switch Status /dev/rfkill Watch.
[   12.136928] cloud-init[547]: Cloud-init v. 21.4-0ubuntu1~18.04.1 running 'init-local' at Sat, 19 Mar 2022 10:55:36 +0000. Up 11.93 seconds.
[[0;32m  OK  [0m] Started Initial cloud-init job (pre-networking).
[[0;32m  OK  [0m] Reached target Network (Pre).
         Starting Network Service...
[[0;32m  OK  [0m] Started Network Service.
         Starting Wait for Network to be Configured...
         Starting Network Name Resolution...
[[0;32m  OK  [0m] Started Network Name Resolution.
[[0;32m  OK  [0m] Reached target Host and Network Name Lookups.
[[0;32m  OK  [0m] Reached target Network.
[[0;32m  OK  [0m] Started Wait for Network to be Configured.
         Starting Initial cloud-init job (metadata service crawler)...
[   14.705591] cloud-init[723]: Cloud-init v. 21.4-0ubuntu1~18.04.1 running 'init' at Sat, 19 Mar 2022 10:55:39 +0000. Up 14.54 seconds.
[   14.707807] cloud-init[723]: ci-info: ++++++++++++++++++++++++++++++++++++++Net device info+++++++++++++++++++++++++++++++++++++++
[   14.720288] cloud-init[723]: ci-info: +--------+------+-----------------------------+---------------+--------+-------------------+
[   14.722793] cloud-init[723]: ci-info: | Device |  Up  |           Address           |      Mask     | Scope  |     Hw-Address    |
[   14.725188] cloud-init[723]: ci-info: +--------+------+-----------------------------+---------------+--------+-------------------+
[   14.727982] cloud-init[723]: ci-info: | enp0s3 | True |          10.0.2.15          | 255.255.255.0 | global | 02:8d:1f:db:13:bf |
[   14.730872] cloud-init[723]: ci-info: | enp0s3 | True |  fe80::8d:1fff:fedb:13bf/64 |       .       |  link  | 02:8d:1f:db:13:bf |
[   14.733790] cloud-init[723]: ci-info: | enp0s8 | True |        192.168.33.10        | 255.255.255.0 | global | 08:00:27:38:18:06 |
[   14.736944] cloud-init[723]: ci-info: | enp0s8 | True | fe80::a00:27ff:fe38:1806/64 |       .       |  link  | 08:00:27:38:18:06 |
[   14.740228] cloud-init[723]: ci-info: | enp0s9 | True |        192.168.0.119        | 255.255.255.0 | global | 08:00:27:91:86:03 |
[   14.752579] cloud-init[723]: ci-info: | enp0s9 | True | fe80::a00:27ff:fe91:8603/64 |       .       |  link  | 08:00:27:91:86:03 |
[   14.754084] cloud-init[723]: ci-info: |   lo   | True |          127.0.0.1          |   255.0.0.0   |  host  |         .         |
[   14.755640] cloud-init[723]: ci-info: |   lo   | True |           ::1/128           |       .       |  host  |         .         |
[   14.757218] cloud-init[723]: ci-info: +--------+------+-----------------------------+---------------+--------+-------------------+
[   14.758734] cloud-init[723]: ci-info: ++++++++++++++++++++++++++++++Route IPv4 info+++++++++++++++++++++++++++++++
[   14.760463] cloud-init[723]: ci-info: +-------+--------------+-------------+-----------------+-----------+-------+
[   14.762077] cloud-init[723]: ci-info: | Route | Destination  |   Gateway   |     Genmask     | Interface | Flags |
[   14.763522] cloud-init[723]: ci-info: +-------+--------------+-------------+-----------------+-----------+-------+
[   14.764965] cloud-init[723]: ci-info: |   0   |   0.0.0.0    |   10.0.2.2  |     0.0.0.0     |   enp0s3  |   UG  |
[   14.766393] cloud-init[723]: ci-info: |   1   |   0.0.0.0    | 192.168.0.1 |     0.0.0.0     |   enp0s9  |   UG  |
[   14.767722] cloud-init[723]: ci-info: |   2   |   10.0.2.0   |   0.0.0.0   |  255.255.255.0  |   enp0s3  |   U   |
[   14.769085] cloud-init[723]: ci-info: |   3   |   10.0.2.2   |   0.0.0.0   | 255.255.255.255 |   enp0s3  |   UH  |
[   14.770453] cloud-init[723]: ci-info: |   4   | 192.168.0.0  |   0.0.0.0   |  255.255.255.0  |   enp0s9  |   U   |
[   14.771779] cloud-init[723]: ci-info: |   5   | 192.168.0.1  |   0.0.0.0   | 255.255.255.255 |   enp0s9  |   UH  |
[   14.773135] cloud-init[723]: ci-info: |   6   | 192.168.33.0 |   0.0.0.0   |  255.255.255.0  |   enp0s8  |   U   |
[   14.774605] cloud-init[723]: ci-info: +-------+--------------+-------------+-----------------+-----------+-------+
[   14.776021] cloud-init[723]: ci-info: +++++++++++++++++++Route IPv6 info+++++++++++++++++++
[   14.777315] cloud-init[723]: ci-info: +-------+-------------+---------+-----------+-------+
[   14.778446] cloud-init[723]: ci-info: | Route | Destination | Gateway | Interface | Flags |
[   14.779518] cloud-init[723]: ci-info: +-------+-------------+---------+-----------+-------+
[   14.780635] cloud-init[723]: ci-info: |   1   |  fe80::/64  |    ::   |   enp0s9  |   U   |
[   14.781743] cloud-init[723]: ci-info: |   2   |  fe80::/64  |    ::   |   enp0s8  |   U   |
[   14.782948] cloud-init[723]: ci-info: |   3   |  fe80::/64  |    ::   |   enp0s3  |   U   |
[   14.784160] cloud-init[723]: ci-info: |   5   |    local    |    ::   |   enp0s3  |   U   |
[   14.785365] cloud-init[723]: ci-info: |   6   |    local    |    ::   |   enp0s8  |   U   |
[   14.786518] cloud-init[723]: ci-info: |   7   |    local    |    ::   |   enp0s9  |   U   |
[   14.787656] cloud-init[723]: ci-info: |   8   |   ff00::/8  |    ::   |   enp0s9  |   U   |
[   14.788783] cloud-init[723]: ci-info: |   9   |   ff00::/8  |    ::   |   enp0s8  |   U   |
[   14.789965] cloud-init[723]: ci-info: |   10  |   ff00::/8  |    ::   |   enp0s3  |   U   |
[   14.791189] cloud-init[723]: ci-info: +-------+-------------+---------+-----------+-------+
[[0;32m  OK  [0m] Started Initial cloud-init job (metadata service crawler).
[[0;32m  OK  [0m] Reached target Network is Online.
[[0;32m  OK  [0m] Reached target Remote File Systems (Pre).
         Starting Availability of block devices...
         Mounting /vagrant...
[[0;32m  OK  [0m] Reached target System Initialization.
[[0;32m  OK  [0m] Started Message of the Day.
[[0;32m  OK  [0m] Listening on ACPID Listen Socket.
[[0;32m  OK  [0m] Listening on cloud-init hotplug hook socket.
[[0;32m  OK  [0m] Started Daily apt download activities.
[[0;32m  OK  [0m] Started Daily apt upgrade and clean activities.
[[0;32m  OK  [0m] Started Discard unused blocks once a week.
[[0;32m  OK  [0m] Started Ubuntu Advantage Timer for running repeated jobs.
[[0;32m  OK  [0m] Started ACPI Events Check.
[[0;32m  OK  [0m] Started Trigger to poll for Ubuntu …(Only enabled on GCP LTS non-pro).
[[0;32m  OK  [0m] Reached target Paths.
[[0;32m  OK  [0m] Listening on UUID daemon activation socket.
         Starting Socket activation for snappy daemon.
[[0;32m  OK  [0m] Started Daily Cleanup of Temporary Directories.
[[0;32m  OK  [0m] Listening on D-Bus System Message Bus Socket.
[[0;32m  OK  [0m] Started Clean PHP session files every 30 mins.
[[0;32m  OK  [0m] Reached target Timers.
[[0;32m  OK  [0m] Listening on Open-iSCSI iscsid Socket.
         Starting LXD - unix socket.
[[0;32m  OK  [0m] Reached target Cloud-config availability.
[[0;32m  OK  [0m] Started Availability of block devices.
[[0;32m  OK  [0m] Listening on Socket activation for snappy daemon.
[[0;32m  OK  [0m] Listening on LXD - unix socket.
[[0;32m  OK  [0m] Reached target Sockets.
[[0;32m  OK  [0m] Reached target Basic System.
[[0;32m  OK  [0m] Started irqbalance daemon.
         Starting OpenBSD Secure Shell server...
[[0;32m  OK  [0m] Started FUSE filesystem for LXC.
         Starting MySQL Community Server...
         Starting System Logging Service...
         Starting LXD - container startup/shutdown...
         Starting Dispatcher daemon for systemd-networkd...
[[0;32m  OK  [0m] Started Deferred execution scheduler.
         Starting Accounts Service...
[[0;32m  OK  [0m] Started D-Bus System Message Bus.
         Starting Login Service...
         Starting LSB: Record successful boot for GRUB...
[[0;32m  OK  [0m] Started Regular background program processing daemon.
         Starting vboxadd.service...
         Starting Snap Daemon...
[[0;32m  OK  [0m] Started System Logging Service.
[[0;1;31mFAILED[0m] Failed to mount /vagrant.
See 'systemctl status vagrant.mount' for details.
[[0;1;33mDEPEND[0m] Dependency failed for Remote File Systems.
[[0;32m  OK  [0m] Started LXD - container startup/shutdown.
         Starting Permit User Sessions...
         Starting The Apache HTTP Server...
         Starting LSB: automatic crash report generation...
[[0;32m  OK  [0m] Started OpenBSD Secure Shell server.
[[0;32m  OK  [0m] Started Permit User Sessions.
         Starting Hold until boot process finishes up...
         Starting Terminate Plymouth Boot Screen...
         Starting Authorization Manager...
[[0;32m  OK  [0m] Started Hold until boot process finishes up.
[[0;32m  OK  [0m] Started Login Service.
[[0;32m  OK  [0m] Started Unattended Upgrades Shutdown.
         Starting Set console scheme...
[[0;32m  OK  [0m] Started Serial Getty on ttyS0.
[[0;32m  OK  [0m] Started Terminate Plymouth Boot Screen.
[[0;32m  OK  [0m] Started Authorization Manager.
[[0;32m  OK  [0m] Started Accounts Service.
[[0;32m  OK  [0m] Started Set console scheme.
[[0;32m  OK  [0m] Created slice system-getty.slice.
[[0;32m  OK  [0m] Started Getty on tty1.
[[0;32m  OK  [0m] Reached target Login Prompts.
[[0;32m  OK  [0m] Started LSB: Record successful boot for GRUB.
[[0;32m  OK  [0m] Started LSB: automatic crash report generation.
[[0;32m  OK  [0m] Started Dispatcher daemon for systemd-networkd.
[[0;32m  OK  [0m] Started The Apache HTTP Server.
[[0;32m  OK  [0m] Started Snap Daemon.
         Starting Wait until snapd is fully seeded...
[[0;32m  OK  [0m] Started Wait until snapd is fully seeded.
         Starting Apply the settings specified in cloud-config...
[[0;32m  OK  [0m] Started MySQL Community Server.
[[0;32m  OK  [0m] Started vboxadd.service.
         Starting vboxadd-service.service...
[   17.582208] cloud-init[1107]: Cloud-init v. 21.4-0ubuntu1~18.04.1 running 'modules:config' at Sat, 19 Mar 2022 10:55:42 +0000. Up 17.41 seconds.
[[0;32m  OK  [0m] Started vboxadd-service.service.
[[0;32m  OK  [0m] Reached target Multi-User System.
[[0;32m  OK  [0m] Reached target Graphical Interface.
         Starting Update UTMP about System Runlevel Changes...
[[0;32m  OK  [0m] Started Update UTMP about System Runlevel Changes.
[[0;32m  OK  [0m] Started Apply the settings specified in cloud-config.
         Starting Execute cloud user/final scripts...
[   18.277004] cloud-init[1259]: Cloud-init v. 21.4-0ubuntu1~18.04.1 running 'modules:final' at Sat, 19 Mar 2022 10:55:42 +0000. Up 18.15 seconds.
[   18.278868] cloud-init[1259]: Cloud-init v. 21.4-0ubuntu1~18.04.1 finished at Sat, 19 Mar 2022 10:55:42 +0000. Datasource DataSourceNoCloud [seed=/dev/sdb][dsmode=net].  Up 18.26 seconds
[[0;32m  OK  [0m] Started Execute cloud user/final scripts.
[[0;32m  OK  [0m] Reached target Cloud-init target.

Ubuntu 18.04.6 LTS ubuntu-bionic ttyS0

ubuntu-bionic login:          Stopping Availability of block devices...
[[0;32m  OK  [0m] Stopped target Graphical Interface.
[[0;32m  OK  [0m] Closed Load/Save RF Kill Switch Status /dev/rfkill Watch.
         Stopping Accounts Service...
[[0;32m  OK  [0m] Stopped target Timers.
[[0;32m  OK  [0m] Stopped Clean PHP session files every 30 mins.
[[0;32m  OK  [0m] Stopped Ubuntu Advantage Timer for running repeated jobs.
[[0;32m  OK  [0m] Stopped Daily Cleanup of Temporary Directories.
         Stopping Session 8 of user vagrant.
[[0;32m  OK  [0m] Stopped Daily apt upgrade and clean activities.
         Stopping User Manager for UID 1000...
         Stopping Authorization Manager...
         Unmounting /vagrant...
[[0;32m  OK  [0m] Stopped Discard unused blocks once a week.
[[0;32m  OK  [0m] Stopped target Cloud-init target.
[[0;32m  OK  [0m] Stopped Execute cloud user/final scripts.
[[0;32m  OK  [0m] Stopped target Multi-User System.
         Stopping MySQL Community Server...
         Stopping Regular background program processing daemon...
[[0         Stopping Serial Getty on ttyS0...
         Stopping Getty on tty1...
         Stopping FUSE filesystem for LXC...
         Stopping LSB: automatic crash report generation...
         Stopping Dispatcher daemon for systemd-networkd...
         Stopping irqbalance daemon...
         Stopping System Logging Service...
         Stopping D-Bus System Message Bus...
         Stopping LXD - container startup/shutdown...
         Stopping vboxadd-service.service...
         Stopping The Apache HTTP Server...
         Stopping LSB: Record successful boot for GRUB...
         Stopping Deferred execution scheduler...
[[0;32m  OK  [0m] Stopped Apply the settings specified in cloud-config.
[[0;32m  OK  [0m] Stopped target Cloud-config availability.
[[0;32m  OK  [0m] Stopped Wait until snapd is fully seeded.
         Stopping OpenBSD Secure Shell server...
[[0;32m  OK  [0m] Stopped Message of the Day.
[[0;32m  OK  [0m] Stopped Daily apt download activities.
[[0;32m  OK  [0m] Stopped target System Time Synchronized.
[[0;32m  OK  [0m] Unmounted /var/lib/lxcfs.
[[0;32m  OK  [0m] Stopped irqbalance daemon.
[[0;32m  OK  [0m] Stopped System Logging Service.
[[0;32m  OK  [0m] Stopped Dispatcher daemon for systemd-networkd.
[[0;32m  OK  [0m] Stopped Deferred execution scheduler.
[[0;32m  OK  [0m] Stopped Accounts Service.
[[0;32m  OK  [0m] Stopped Regular background program processing daemon.
[[0;32m  OK  [0m] Stopped OpenBSD Secure Shell server.
[[0;32m  OK  [0m] Stopped Authorization Manager.
[[0;32m  OK  [0m] Stopped Serial Getty on ttyS0.
[[0;32m  OK  [0m] Stopped Getty on tty1.
[[0;32m  OK  [0m] Stopped User Manager for UID 1000.
[[0;32m  OK  [0m] Unmounted /vagrant.
[[0;32m  OK  [0m] Stopped D-Bus System Message Bus.
[[0;32m  OK  [0m] Stopped Session 8 of user vagrant.
[[0;32m  OK  [0m] Stopped target Remote File Systems (Pre).
[[0;32m  OK  [0m] Stopped target Network is Online.
[[0;32m  OK  [0m] Removed slice User Slice of vagrant.
         Stopping Login Service...
[[0;32m  OK  [0m] Removed slice system-getty.slice.
[[0;32m  OK  [0m] Removed slice system-serial\x2dgetty.slice.
         Stopping Permit User Sessions...
[[0;32m  OK  [0m] Stopped LSB: Record successful boot for GRUB.
[[0;32m  OK  [0m] Stopped FUSE filesystem for LXC.
[[0;32m  OK  [0m] Stopped LSB: automatic crash report generation.
[[0;32m  OK  [0m] Stopped Permit User Sessions.
[[0;32m  OK  [0m] Stopped LXD - container startup/shutdown.
[[0;32m  OK  [0m] Stopped vboxadd-service.service.
         Stopping vboxadd.service...
[[0;32m  OK  [0m] Stopped Login Service.
[[0;32m  OK  [0m] Stopped target User and Group Name Lookups.
[[0;32m  OK  [0m] Stopped Availability of block devices.
[[0;32m  OK  [0m] Stopped vboxadd.service.
[[0;32m  OK  [0m] Stopped The Apache HTTP Server.
[[0;32m  OK  [0m] Stopped target Host and Network Name Lookups.
[[0;32m  OK  [0m] Stopped MySQL Community Server.
[[0;32m  OK  [0m] Stopped target Basic System.
[[0;32m  OK  [0m] Stopped target Slices.
[[0;32m  OK  [0m] Removed slice User and Session Slice.
[[0;32m  OK  [0m] Stopped target Paths.
[[0;32m  OK  [0m] Stopped Trigger to poll for Ubuntu …(Only enabled on GCP LTS non-pro).
[[0;32m  OK  [0m] Stopped ACPI Events Check.
[[0;32m  OK  [0m] Stopped target Sockets.
[[0;32m  OK  [0m] Closed D-Bus System Message Bus Socket.
[[0;32m  OK  [0m] Closed UUID daemon activation socket.
[[0;32m  OK  [0m] Closed ACPID Listen Socket.
[[0;32m  OK  [0m] Closed Syslog Socket.
[[0;32m  OK  [0m] Closed Open-iSCSI iscsid Socket.
[[0;32m  OK  [0m] Closed LXD - unix socket.
[[0;32m  OK  [0m] Closed cloud-init hotplug hook socket.
[[0;32m  OK  [0m] Closed Socket activation for snappy daemon.
[[0;32m  OK  [0m] Stopped target System Initialization.
[[0;32m  OK  [0m] Stopped Initial cloud-init job (metadata service crawler).
         Stopping Load/Save Random Seed...
[[0;32m  OK  [0m] Stopped target Local Encrypted Volumes.
[[0;32m  OK  [0m] Stopped Forward Password Requests to Wall Directory Watch.
[[0;32m  OK  [0m] Stopped Dispatch Password Requests to Console Directory Watch.
         Stopping Update UTMP about System Boot/Shutdown...
[[0;32m  OK  [0m] Stopped target Network.
         Stopping Network Name Resolution...
[[0;32m  OK  [0m] Stopped Load/Save Random Seed.
[[0;32m  OK  [0m] Stopped Update UTMP about System Boot/Shutdown.
[[0;32m  OK  [0m] Stopped Network Name Resolution.
         Stopping Network Service...
[[0;32m  OK  [0m] Stopped Create Volatile Files and Directories.
[[0;32m  OK  [0m] Stopped target Local File Systems.
         Unmounting /run/user/1000...
[[0;32m  OK  [0m] Unmounted /run/user/1000.
[[0;32m  OK  [0m] Reached target Unmount All Filesystems.
[[0;32m  OK  [0m] Stopped target Local File Systems (Pre).
[[0;32m  OK  [0m] Stopped Create Static Device Nodes in /dev.
         Stopping Monitoring of LVM2 mirrors…ng dmeventd or progress polling...
[[0;32m  OK  [0m] Stopped target Swap.
[[0;32m  OK  [0m] Stopped Network Service.
[[0;32m  OK  [0m] Stopped target Network (Pre).
[[0;32m  OK  [0m] Stopped Initial cloud-init job (pre-networking).
[[0;32m  OK  [0m] Stopped Remount Root and Kernel File Systems.
[[0;32m  OK  [0m] Stopped Apply Kernel Variables.
[[0;32m  OK  [0m] Stopped Load Kernel Modules.
[[0;32m  OK  [0m] Reached target Shutdown.
[[0;32m  OK  [0m] Reached target Final Step.
         Starting Power-Off...
[[0;32m  OK  [0m] Stopped Monitoring of LVM2 mirrors,…sing dmeventd or progress polling.
         Stopping LVM2 metadata daemon...
[[0;32m  OK  [0m] Stopped LVM2 metadata daemon.
[ 3184.228780] reboot: Power down
